0 info it worked if it ends with ok
1 verbose cli [ '/usr/local/bin/node', '/usr/local/bin/npm', 'info', 'libsass' ]
2 info using npm@2.14.7
3 info using node@v4.2.1
4 verbose config Skipping project config: /Users/pnx/.npmrc. (matches userconfig)
5 silly mapToRegistry name libsass
6 silly mapToRegistry using default registry
7 silly mapToRegistry registry http://registry.npmjs.org/
8 silly mapToRegistry uri http://registry.npmjs.org/libsass
9 verbose request uri http://registry.npmjs.org/libsass
10 verbose request no auth needed
11 info attempt registry request try #1 at 3:01:44 PM
12 verbose request id b5471a333806215b
13 http request GET http://registry.npmjs.org/libsass
14 http 404 http://registry.npmjs.org/libsass
15 verbose headers { 'content-type': 'application/json',
15 verbose headers   'cache-control': 'max-age=0',
15 verbose headers   'content-length': '2',
15 verbose headers   'accept-ranges': 'bytes',
15 verbose headers   date: 'Mon, 30 Nov 2015 04:01:44 GMT',
15 verbose headers   via: '1.1 varnish',
15 verbose headers   age: '0',
15 verbose headers   connection: 'keep-alive',
15 verbose headers   'x-served-by': 'cache-syd1626-SYD',
15 verbose headers   'x-cache': 'MISS',
15 verbose headers   'x-cache-hits': '0',
15 verbose headers   'x-timer': 'S1448856104.325763,VS0,VE229' }
16 silly get cb [ 404,
16 silly get   { 'content-type': 'application/json',
16 silly get     'cache-control': 'max-age=0',
16 silly get     'content-length': '2',
16 silly get     'accept-ranges': 'bytes',
16 silly get     date: 'Mon, 30 Nov 2015 04:01:44 GMT',
16 silly get     via: '1.1 varnish',
16 silly get     age: '0',
16 silly get     connection: 'keep-alive',
16 silly get     'x-served-by': 'cache-syd1626-SYD',
16 silly get     'x-cache': 'MISS',
16 silly get     'x-cache-hits': '0',
16 silly get     'x-timer': 'S1448856104.325763,VS0,VE229' } ]
17 verbose stack Error: Registry returned 404 for GET on http://registry.npmjs.org/libsass
17 verbose stack     at makeError (/usr/local/lib/node_modules/npm/node_modules/npm-registry-client/lib/request.js:264:12)
17 verbose stack     at CachingRegistryClient.<anonymous> (/usr/local/lib/node_modules/npm/node_modules/npm-registry-client/lib/request.js:242:14)
17 verbose stack     at Request._callback (/usr/local/lib/node_modules/npm/node_modules/npm-registry-client/lib/request.js:172:14)
17 verbose stack     at Request.self.callback (/usr/local/lib/node_modules/npm/node_modules/request/request.js:198:22)
17 verbose stack     at emitTwo (events.js:87:13)
17 verbose stack     at Request.emit (events.js:172:7)
17 verbose stack     at Request.<anonymous> (/usr/local/lib/node_modules/npm/node_modules/request/request.js:1063:14)
17 verbose stack     at emitOne (events.js:82:20)
17 verbose stack     at Request.emit (events.js:169:7)
17 verbose stack     at IncomingMessage.<anonymous> (/usr/local/lib/node_modules/npm/node_modules/request/request.js:1009:12)
18 verbose statusCode 404
19 verbose pkgid libsass
20 verbose cwd /Users/pnx/Desktop/School/learning-cool-css
21 error Darwin 12.5.0
22 error argv "/usr/local/bin/node" "/usr/local/bin/npm" "info" "libsass"
23 error node v4.2.1
24 error npm  v2.14.7
25 error code E404
26 error 404 Registry returned 404 for GET on http://registry.npmjs.org/libsass
26 error 404
26 error 404 'libsass' is not in the npm registry.
26 error 404 You should bug the author to publish it (or use the name yourself!)
26 error 404
26 error 404 Note that you can also install from a
26 error 404 tarball, folder, http url, or git url.
27 verbose exit [ 1, true ]
